<?xml version="1.0" encoding="UTF-8"?>
<!-- Generated by org.testng.reporters.JUnitReportReporter -->
<testsuite hostname="DESKTOP-3JIP3OF" name="com.yp.testscripts.YapyzalTestSuite" tests="1" failures="0" timestamp="23 Aug 2016 11:26:13 GMT" time="19.521" errors="0">
  <testcase name="Login" time="19.521" classname="com.yp.testscripts.YapyzalTestSuite"/>
</testsuite> <!-- com.yp.testscripts.YapyzalTestSuite -->
